This is pdfTeX, Version 3.141592653-2.6-1.40.27 (TeX Live 2025) (preloaded format=pdflatex 2025.10.19)  4 FEB 2026 17:26
entering extended mode
 restricted \write18 enabled.
 file:line:error style messages enabled.
 %&-line parsing enabled.
**/Users/tsurugi/Desktop/Universities/UniBonn/Semester3/F4D1/note/F4D1.tex
(/Users/tsurugi/Desktop/Universities/UniBonn/Semester3/F4D1/note/F4D1.tex
LaTeX2e <2024-11-01> patch level 2
L3 programming layer <2025-01-18>
(/usr/local/texlive/2025/texmf-dist/tex/latex/base/article.cls
Document Class: article 2024/06/29 v1.4n Standard LaTeX document class
(/usr/local/texlive/2025/texmf-dist/tex/latex/base/size10.clo
File: size10.clo 2024/06/29 v1.4n Standard LaTeX file (size option)
)
\c@part=\count196
\c@section=\count197
\c@subsection=\count198
\c@subsubsection=\count199
\c@paragraph=\count266
\c@subparagraph=\count267
\c@figure=\count268
\c@table=\count269
\abovecaptionskip=\skip49
\belowcaptionskip=\skip50
\bibindent=\dimen141
) (/usr/local/texlive/2025/texmf-dist/tex/latex/amsmath/amsmath.sty
Package: amsmath 2024/11/05 v2.17t AMS math features
\@mathmargin=\skip51

For additional information on amsmath, use the `?' option.
(/usr/local/texlive/2025/texmf-dist/tex/latex/amsmath/amstext.sty
Package: amstext 2021/08/26 v2.01 AMS text
 (/usr/local/texlive/2025/texmf-dist/tex/latex/amsmath/amsgen.sty
File: amsgen.sty 1999/11/30 v2.0 generic functions
\@emptytoks=\toks17
\ex@=\dimen142
)) (/usr/local/texlive/2025/texmf-dist/tex/latex/amsmath/amsbsy.sty
Package: amsbsy 1999/11/29 v1.2d Bold Symbols
\pmbraise@=\dimen143
) (/usr/local/texlive/2025/texmf-dist/tex/latex/amsmath/amsopn.sty
Package: amsopn 2022/04/08 v2.04 operator names
)
\inf@bad=\count270
LaTeX Info: Redefining \frac on input line 233.
\uproot@=\count271
\leftroot@=\count272
LaTeX Info: Redefining \overline on input line 398.
LaTeX Info: Redefining \colon on input line 409.
\classnum@=\count273
\DOTSCASE@=\count274
LaTeX Info: Redefining \ldots on input line 495.
LaTeX Info: Redefining \dots on input line 498.
LaTeX Info: Redefining \cdots on input line 619.
\Mathstrutbox@=\box52
\strutbox@=\box53
LaTeX Info: Redefining \big on input line 721.
LaTeX Info: Redefining \Big on input line 722.
LaTeX Info: Redefining \bigg on input line 723.
LaTeX Info: Redefining \Bigg on input line 724.
\big@size=\dimen144
LaTeX Font Info:    Redeclaring font encoding OML on input line 742.
LaTeX Font Info:    Redeclaring font encoding OMS on input line 743.
\macc@depth=\count275
LaTeX Info: Redefining \bmod on input line 904.
LaTeX Info: Redefining \pmod on input line 909.
LaTeX Info: Redefining \smash on input line 939.
LaTeX Info: Redefining \relbar on input line 969.
LaTeX Info: Redefining \Relbar on input line 970.
\c@MaxMatrixCols=\count276
\dotsspace@=\muskip17
\c@parentequation=\count277
\dspbrk@lvl=\count278
\tag@help=\toks18
\row@=\count279
\column@=\count280
\maxfields@=\count281
\andhelp@=\toks19
\eqnshift@=\dimen145
\alignsep@=\dimen146
\tagshift@=\dimen147
\tagwidth@=\dimen148
\totwidth@=\dimen149
\lineht@=\dimen150
\@envbody=\toks20
\multlinegap=\skip52
\multlinetaggap=\skip53
\mathdisplay@stack=\toks21
LaTeX Info: Redefining \[ on input line 2953.
LaTeX Info: Redefining \] on input line 2954.
) (/usr/local/texlive/2025/texmf-dist/tex/latex/amsfonts/amssymb.sty
Package: amssymb 2013/01/14 v3.01 AMS font symbols
 (/usr/local/texlive/2025/texmf-dist/tex/latex/amsfonts/amsfonts.sty
Package: amsfonts 2013/01/14 v3.01 Basic AMSFonts support
\symAMSa=\mathgroup4
\symAMSb=\mathgroup5
LaTeX Font Info:    Redeclaring math symbol \hbar on input line 98.
LaTeX Font Info:    Overwriting math alphabet `\mathfrak' in version `bold'
(Font)                  U/euf/m/n --> U/euf/b/n on input line 106.
)) (/usr/local/texlive/2025/texmf-dist/tex/latex/amscls/amsthm.sty
Package: amsthm 2020/05/29 v2.20.6
\thm@style=\toks22
\thm@bodyfont=\toks23
\thm@headfont=\toks24
\thm@notefont=\toks25
\thm@headpunct=\toks26
\thm@preskip=\skip54
\thm@postskip=\skip55
\thm@headsep=\skip56
\dth@everypar=\toks27
) (/usr/local/texlive/2025/texmf-dist/tex/latex/jknapltx/mathrsfs.sty
Package: mathrsfs 1996/01/01 Math RSFS package v1.0 (jk)
\symrsfs=\mathgroup6
) (/usr/local/texlive/2025/texmf-dist/tex/latex/mathtools/mathtools.sty
Package: mathtools 2024/10/04 v1.31 mathematical typesetting tools
 (/usr/local/texlive/2025/texmf-dist/tex/latex/graphics/keyval.sty
Package: keyval 2022/05/29 v1.15 key=value parser (DPC)
\KV@toks@=\toks28
) (/usr/local/texlive/2025/texmf-dist/tex/latex/tools/calc.sty
Package: calc 2023/07/08 v4.3 Infix arithmetic (KKT,FJ)
\calc@Acount=\count282
\calc@Bcount=\count283
\calc@Adimen=\dimen151
\calc@Bdimen=\dimen152
\calc@Askip=\skip57
\calc@Bskip=\skip58
LaTeX Info: Redefining \setlength on input line 80.
LaTeX Info: Redefining \addtolength on input line 81.
\calc@Ccount=\count284
\calc@Cskip=\skip59
) (/usr/local/texlive/2025/texmf-dist/tex/latex/mathtools/mhsetup.sty
Package: mhsetup 2021/03/18 v1.4 programming setup (MH)
)
\g_MT_multlinerow_int=\count285
\l_MT_multwidth_dim=\dimen153
\origjot=\skip60
\l_MT_shortvdotswithinadjustabove_dim=\dimen154
\l_MT_shortvdotswithinadjustbelow_dim=\dimen155
\l_MT_above_intertext_sep=\dimen156
\l_MT_below_intertext_sep=\dimen157
\l_MT_above_shortintertext_sep=\dimen158
\l_MT_below_shortintertext_sep=\dimen159
\xmathstrut@box=\box54
\xmathstrut@dim=\dimen160
) (/usr/local/texlive/2025/texmf-dist/tex/latex/tools/enumerate.sty
Package: enumerate 2023/07/04 v3.00 enumerate extensions (DPC)
\@enLab=\toks29
) (/usr/local/texlive/2025/texmf-dist/tex/latex/bbm-macros/bbm.sty
Package: bbm 1999/03/15 V 1.2 provides fonts for set symbols - TH
LaTeX Font Info:    Overwriting math alphabet `\mathbbm' in version `bold'
(Font)                  U/bbm/m/n --> U/bbm/bx/n on input line 33.
LaTeX Font Info:    Overwriting math alphabet `\mathbbmss' in version `bold'
(Font)                  U/bbmss/m/n --> U/bbmss/bx/n on input line 35.
) (/usr/local/texlive/2025/texmf-dist/tex/latex/lipsum/lipsum.sty (/usr/local/texlive/2025/texmf-dist/tex/latex/l3packages/l3keys2e/l3keys2e.sty (/usr/local/texlive/2025/texmf-dist/tex/latex/l3kernel/expl3.sty
Package: expl3 2025-01-18 L3 programming layer (loader) 
 (/usr/local/texlive/2025/texmf-dist/tex/latex/l3backend/l3backend-pdftex.def
File: l3backend-pdftex.def 2024-05-08 L3 backend support: PDF output (pdfTeX)
\l__color_backend_stack_int=\count286
\l__pdf_internal_box=\box55
))
Package: l3keys2e 2024-08-16 LaTeX2e option processing using LaTeX3 keys
)
Package: lipsum 2021-09-20 v2.7 150 paragraphs of Lorem Ipsum dummy text
\g__lipsum_par_int=\count287
\l__lipsum_a_int=\count288
\l__lipsum_b_int=\count289
 (/usr/local/texlive/2025/texmf-dist/tex/latex/lipsum/lipsum.ltd.tex)) (/usr/local/texlive/2025/texmf-dist/tex/latex/fancyhdr/fancyhdr.sty
Package: fancyhdr 2025/02/07 v5.2 Extensive control of page headers and footers
\f@nch@headwidth=\skip61
\f@nch@offset@elh=\skip62
\f@nch@offset@erh=\skip63
\f@nch@offset@olh=\skip64
\f@nch@offset@orh=\skip65
\f@nch@offset@elf=\skip66
\f@nch@offset@erf=\skip67
\f@nch@offset@olf=\skip68
\f@nch@offset@orf=\skip69
\f@nch@height=\skip70
\f@nch@footalignment=\skip71
\f@nch@widthL=\skip72
\f@nch@widthC=\skip73
\f@nch@widthR=\skip74
\@temptokenb=\toks30
) (/usr/local/texlive/2025/texmf-dist/tex/latex/tikz-cd/tikz-cd.sty
Package: tikz-cd 2021/05/04 v1.0 Commutative diagrams with TikZ
 (/usr/local/texlive/2025/texmf-dist/tex/latex/pgf/frontendlayer/tikz.sty (/usr/local/texlive/2025/texmf-dist/tex/latex/pgf/basiclayer/pgf.sty (/usr/local/texlive/2025/texmf-dist/tex/latex/pgf/utilities/pgfrcs.sty (/usr/local/texlive/2025/texmf-dist/tex/generic/pgf/utilities/pgfutil-common.tex
\pgfutil@everybye=\toks31
\pgfutil@tempdima=\dimen161
\pgfutil@tempdimb=\dimen162
) (/usr/local/texlive/2025/texmf-dist/tex/generic/pgf/utilities/pgfutil-latex.def
\pgfutil@abb=\box56
) (/usr/local/texlive/2025/texmf-dist/tex/generic/pgf/utilities/pgfrcs.code.tex (/usr/local/texlive/2025/texmf-dist/tex/generic/pgf/pgf.revision.tex)
Package: pgfrcs 2023-01-15 v3.1.10 (3.1.10)
))
Package: pgf 2023-01-15 v3.1.10 (3.1.10)
 (/usr/local/texlive/2025/texmf-dist/tex/latex/pgf/basiclayer/pgfcore.sty (/usr/local/texlive/2025/texmf-dist/tex/latex/graphics/graphicx.sty
Package: graphicx 2021/09/16 v1.2d Enhanced LaTeX Graphics (DPC,SPQR)
 (/usr/local/texlive/2025/texmf-dist/tex/latex/graphics/graphics.sty
Package: graphics 2024/08/06 v1.4g Standard LaTeX Graphics (DPC,SPQR)
 (/usr/local/texlive/2025/texmf-dist/tex/latex/graphics/trig.sty
Package: trig 2023/12/02 v1.11 sin cos tan (DPC)
) (/usr/local/texlive/2025/texmf-dist/tex/latex/graphics-cfg/graphics.cfg
File: graphics.cfg 2016/06/04 v1.11 sample graphics configuration
)
Package graphics Info: Driver file: pdftex.def on input line 106.
 (/usr/local/texlive/2025/texmf-dist/tex/latex/graphics-def/pdftex.def
File: pdftex.def 2024/04/13 v1.2c Graphics/color driver for pdftex
))
\Gin@req@height=\dimen163
\Gin@req@width=\dimen164
) (/usr/local/texlive/2025/texmf-dist/tex/latex/pgf/systemlayer/pgfsys.sty (/usr/local/texlive/2025/texmf-dist/tex/generic/pgf/systemlayer/pgfsys.code.tex
Package: pgfsys 2023-01-15 v3.1.10 (3.1.10)
 (/usr/local/texlive/2025/texmf-dist/tex/generic/pgf/utilities/pgfkeys.code.tex
\pgfkeys@pathtoks=\toks32
\pgfkeys@temptoks=\toks33
 (/usr/local/texlive/2025/texmf-dist/tex/generic/pgf/utilities/pgfkeyslibraryfiltered.code.tex
\pgfkeys@tmptoks=\toks34
))
\pgf@x=\dimen165
\pgf@y=\dimen166
\pgf@xa=\dimen167
\pgf@ya=\dimen168
\pgf@xb=\dimen169
\pgf@yb=\dimen170
\pgf@xc=\dimen171
\pgf@yc=\dimen172
\pgf@xd=\dimen173
\pgf@yd=\dimen174
\w@pgf@writea=\write3
\r@pgf@reada=\read2
\c@pgf@counta=\count290
\c@pgf@countb=\count291
\c@pgf@countc=\count292
\c@pgf@countd=\count293
\t@pgf@toka=\toks35
\t@pgf@tokb=\toks36
\t@pgf@tokc=\toks37
\pgf@sys@id@count=\count294
 (/usr/local/texlive/2025/texmf-dist/tex/generic/pgf/systemlayer/pgf.cfg
File: pgf.cfg 2023-01-15 v3.1.10 (3.1.10)
)
Driver file for pgf: pgfsys-pdftex.def
 (/usr/local/texlive/2025/texmf-dist/tex/generic/pgf/systemlayer/pgfsys-pdftex.def
File: pgfsys-pdftex.def 2023-01-15 v3.1.10 (3.1.10)
 (/usr/local/texlive/2025/texmf-dist/tex/generic/pgf/systemlayer/pgfsys-common-pdf.def
File: pgfsys-common-pdf.def 2023-01-15 v3.1.10 (3.1.10)
))) (/usr/local/texlive/2025/texmf-dist/tex/generic/pgf/systemlayer/pgfsyssoftpath.code.tex
File: pgfsyssoftpath.code.tex 2023-01-15 v3.1.10 (3.1.10)
\pgfsyssoftpath@smallbuffer@items=\count295
\pgfsyssoftpath@bigbuffer@items=\count296
) (/usr/local/texlive/2025/texmf-dist/tex/generic/pgf/systemlayer/pgfsysprotocol.code.tex
File: pgfsysprotocol.code.tex 2023-01-15 v3.1.10 (3.1.10)
)) (/usr/local/texlive/2025/texmf-dist/tex/latex/xcolor/xcolor.sty
Package: xcolor 2024/09/29 v3.02 LaTeX color extensions (UK)
 (/usr/local/texlive/2025/texmf-dist/tex/latex/graphics-cfg/color.cfg
File: color.cfg 2016/01/02 v1.6 sample color configuration
)
Package xcolor Info: Driver file: pdftex.def on input line 274.
 (/usr/local/texlive/2025/texmf-dist/tex/latex/graphics/mathcolor.ltx)
Package xcolor Info: Model `cmy' substituted by `cmy0' on input line 1349.
Package xcolor Info: Model `hsb' substituted by `rgb' on input line 1353.
Package xcolor Info: Model `RGB' extended on input line 1365.
Package xcolor Info: Model `HTML' substituted by `rgb' on input line 1367.
Package xcolor Info: Model `Hsb' substituted by `hsb' on input line 1368.
Package xcolor Info: Model `tHsb' substituted by `hsb' on input line 1369.
Package xcolor Info: Model `HSB' substituted by `hsb' on input line 1370.
Package xcolor Info: Model `Gray' substituted by `gray' on input line 1371.
Package xcolor Info: Model `wave' substituted by `hsb' on input line 1372.
) (/usr/local/texlive/2025/texmf-dist/tex/generic/pgf/basiclayer/pgfcore.code.tex
Package: pgfcore 2023-01-15 v3.1.10 (3.1.10)
 (/usr/local/texlive/2025/texmf-dist/tex/generic/pgf/math/pgfmath.code.tex (/usr/local/texlive/2025/texmf-dist/tex/generic/pgf/math/pgfmathutil.code.tex) (/usr/local/texlive/2025/texmf-dist/tex/generic/pgf/math/pgfmathparser.code.tex
\pgfmath@dimen=\dimen175
\pgfmath@count=\count297
\pgfmath@box=\box57
\pgfmath@toks=\toks38
\pgfmath@stack@operand=\toks39
\pgfmath@stack@operation=\toks40
) (/usr/local/texlive/2025/texmf-dist/tex/generic/pgf/math/pgfmathfunctions.code.tex) (/usr/local/texlive/2025/texmf-dist/tex/generic/pgf/math/pgfmathfunctions.basic.code.tex) (/usr/local/texlive/2025/texmf-dist/tex/generic/pgf/math/pgfmathfunctions.trigonometric.code.tex) (/usr/local/texlive/2025/texmf-dist/tex/generic/pgf/math/pgfmathfunctions.random.code.tex) (/usr/local/texlive/2025/texmf-dist/tex/generic/pgf/math/pgfmathfunctions.comparison.code.tex) (/usr/local/texlive/2025/texmf-dist/tex/generic/pgf/math/pgfmathfunctions.base.code.tex) (/usr/local/texlive/2025/texmf-dist/tex/generic/pgf/math/pgfmathfunctions.round.code.tex) (/usr/local/texlive/2025/texmf-dist/tex/generic/pgf/math/pgfmathfunctions.misc.code.tex) (/usr/local/texlive/2025/texmf-dist/tex/generic/pgf/math/pgfmathfunctions.integerarithmetics.code.tex) (/usr/local/texlive/2025/texmf-dist/tex/generic/pgf/math/pgfmathcalc.code.tex) (/usr/local/texlive/2025/texmf-dist/tex/generic/pgf/math/pgfmathfloat.code.tex
\c@pgfmathroundto@lastzeros=\count298
)) (/usr/local/texlive/2025/texmf-dist/tex/generic/pgf/math/pgfint.code.tex) (/usr/local/texlive/2025/texmf-dist/tex/generic/pgf/basiclayer/pgfcorepoints.code.tex
File: pgfcorepoints.code.tex 2023-01-15 v3.1.10 (3.1.10)
\pgf@picminx=\dimen176
\pgf@picmaxx=\dimen177
\pgf@picminy=\dimen178
\pgf@picmaxy=\dimen179
\pgf@pathminx=\dimen180
\pgf@pathmaxx=\dimen181
\pgf@pathminy=\dimen182
\pgf@pathmaxy=\dimen183
\pgf@xx=\dimen184
\pgf@xy=\dimen185
\pgf@yx=\dimen186
\pgf@yy=\dimen187
\pgf@zx=\dimen188
\pgf@zy=\dimen189
) (/usr/local/texlive/2025/texmf-dist/tex/generic/pgf/basiclayer/pgfcorepathconstruct.code.tex
File: pgfcorepathconstruct.code.tex 2023-01-15 v3.1.10 (3.1.10)
\pgf@path@lastx=\dimen190
\pgf@path@lasty=\dimen191
) (/usr/local/texlive/2025/texmf-dist/tex/generic/pgf/basiclayer/pgfcorepathusage.code.tex
File: pgfcorepathusage.code.tex 2023-01-15 v3.1.10 (3.1.10)
\pgf@shorten@end@additional=\dimen192
\pgf@shorten@start@additional=\dimen193
) (/usr/local/texlive/2025/texmf-dist/tex/generic/pgf/basiclayer/pgfcorescopes.code.tex
File: pgfcorescopes.code.tex 2023-01-15 v3.1.10 (3.1.10)
\pgfpic=\box58
\pgf@hbox=\box59
\pgf@layerbox@main=\box60
\pgf@picture@serial@count=\count299
) (/usr/local/texlive/2025/texmf-dist/tex/generic/pgf/basiclayer/pgfcoregraphicstate.code.tex
File: pgfcoregraphicstate.code.tex 2023-01-15 v3.1.10 (3.1.10)
\pgflinewidth=\dimen194
) (/usr/local/texlive/2025/texmf-dist/tex/generic/pgf/basiclayer/pgfcoretransformations.code.tex
File: pgfcoretransformations.code.tex 2023-01-15 v3.1.10 (3.1.10)
\pgf@pt@x=\dimen195
\pgf@pt@y=\dimen196
\pgf@pt@temp=\dimen197
) (/usr/local/texlive/2025/texmf-dist/tex/generic/pgf/basiclayer/pgfcorequick.code.tex
File: pgfcorequick.code.tex 2023-01-15 v3.1.10 (3.1.10)
) (/usr/local/texlive/2025/texmf-dist/tex/generic/pgf/basiclayer/pgfcoreobjects.code.tex
File: pgfcoreobjects.code.tex 2023-01-15 v3.1.10 (3.1.10)
) (/usr/local/texlive/2025/texmf-dist/tex/generic/pgf/basiclayer/pgfcorepathprocessing.code.tex
File: pgfcorepathprocessing.code.tex 2023-01-15 v3.1.10 (3.1.10)
) (/usr/local/texlive/2025/texmf-dist/tex/generic/pgf/basiclayer/pgfcorearrows.code.tex
File: pgfcorearrows.code.tex 2023-01-15 v3.1.10 (3.1.10)
\pgfarrowsep=\dimen198
) (/usr/local/texlive/2025/texmf-dist/tex/generic/pgf/basiclayer/pgfcoreshade.code.tex
File: pgfcoreshade.code.tex 2023-01-15 v3.1.10 (3.1.10)
\pgf@max=\dimen199
\pgf@sys@shading@range@num=\count300
\pgf@shadingcount=\count301
) (/usr/local/texlive/2025/texmf-dist/tex/generic/pgf/basiclayer/pgfcoreimage.code.tex
File: pgfcoreimage.code.tex 2023-01-15 v3.1.10 (3.1.10)
) (/usr/local/texlive/2025/texmf-dist/tex/generic/pgf/basiclayer/pgfcoreexternal.code.tex
File: pgfcoreexternal.code.tex 2023-01-15 v3.1.10 (3.1.10)
\pgfexternal@startupbox=\box61
) (/usr/local/texlive/2025/texmf-dist/tex/generic/pgf/basiclayer/pgfcorelayers.code.tex
File: pgfcorelayers.code.tex 2023-01-15 v3.1.10 (3.1.10)
) (/usr/local/texlive/2025/texmf-dist/tex/generic/pgf/basiclayer/pgfcoretransparency.code.tex
File: pgfcoretransparency.code.tex 2023-01-15 v3.1.10 (3.1.10)
) (/usr/local/texlive/2025/texmf-dist/tex/generic/pgf/basiclayer/pgfcorepatterns.code.tex
File: pgfcorepatterns.code.tex 2023-01-15 v3.1.10 (3.1.10)
) (/usr/local/texlive/2025/texmf-dist/tex/generic/pgf/basiclayer/pgfcorerdf.code.tex
File: pgfcorerdf.code.tex 2023-01-15 v3.1.10 (3.1.10)
))) (/usr/local/texlive/2025/texmf-dist/tex/generic/pgf/modules/pgfmoduleshapes.code.tex
File: pgfmoduleshapes.code.tex 2023-01-15 v3.1.10 (3.1.10)
\pgfnodeparttextbox=\box62
) (/usr/local/texlive/2025/texmf-dist/tex/generic/pgf/modules/pgfmoduleplot.code.tex
File: pgfmoduleplot.code.tex 2023-01-15 v3.1.10 (3.1.10)
) (/usr/local/texlive/2025/texmf-dist/tex/latex/pgf/compatibility/pgfcomp-version-0-65.sty
Package: pgfcomp-version-0-65 2023-01-15 v3.1.10 (3.1.10)
\pgf@nodesepstart=\dimen256
\pgf@nodesepend=\dimen257
) (/usr/local/texlive/2025/texmf-dist/tex/latex/pgf/compatibility/pgfcomp-version-1-18.sty
Package: pgfcomp-version-1-18 2023-01-15 v3.1.10 (3.1.10)
)) (/usr/local/texlive/2025/texmf-dist/tex/latex/pgf/utilities/pgffor.sty (/usr/local/texlive/2025/texmf-dist/tex/latex/pgf/utilities/pgfkeys.sty (/usr/local/texlive/2025/texmf-dist/tex/generic/pgf/utilities/pgfkeys.code.tex)) (/usr/local/texlive/2025/texmf-dist/tex/latex/pgf/math/pgfmath.sty (/usr/local/texlive/2025/texmf-dist/tex/generic/pgf/math/pgfmath.code.tex)) (/usr/local/texlive/2025/texmf-dist/tex/generic/pgf/utilities/pgffor.code.tex
Package: pgffor 2023-01-15 v3.1.10 (3.1.10)
\pgffor@iter=\dimen258
\pgffor@skip=\dimen259
\pgffor@stack=\toks41
\pgffor@toks=\toks42
)) (/usr/local/texlive/2025/texmf-dist/tex/generic/pgf/frontendlayer/tikz/tikz.code.tex
Package: tikz 2023-01-15 v3.1.10 (3.1.10)
 (/usr/local/texlive/2025/texmf-dist/tex/generic/pgf/libraries/pgflibraryplothandlers.code.tex
File: pgflibraryplothandlers.code.tex 2023-01-15 v3.1.10 (3.1.10)
\pgf@plot@mark@count=\count302
\pgfplotmarksize=\dimen260
)
\tikz@lastx=\dimen261
\tikz@lasty=\dimen262
\tikz@lastxsaved=\dimen263
\tikz@lastysaved=\dimen264
\tikz@lastmovetox=\dimen265
\tikz@lastmovetoy=\dimen266
\tikzleveldistance=\dimen267
\tikzsiblingdistance=\dimen268
\tikz@figbox=\box63
\tikz@figbox@bg=\box64
\tikz@tempbox=\box65
\tikz@tempbox@bg=\box66
\tikztreelevel=\count303
\tikznumberofchildren=\count304
\tikznumberofcurrentchild=\count305
\tikz@fig@count=\count306
 (/usr/local/texlive/2025/texmf-dist/tex/generic/pgf/modules/pgfmodulematrix.code.tex
File: pgfmodulematrix.code.tex 2023-01-15 v3.1.10 (3.1.10)
\pgfmatrixcurrentrow=\count307
\pgfmatrixcurrentcolumn=\count308
\pgf@matrix@numberofcolumns=\count309
)
\tikz@expandcount=\count310
 (/usr/local/texlive/2025/texmf-dist/tex/generic/pgf/frontendlayer/tikz/libraries/tikzlibrarytopaths.code.tex
File: tikzlibrarytopaths.code.tex 2023-01-15 v3.1.10 (3.1.10)
))) (/usr/local/texlive/2025/texmf-dist/tex/generic/tikz-cd/tikzlibrarycd.code.tex (/usr/local/texlive/2025/texmf-dist/tex/generic/pgf/frontendlayer/tikz/libraries/tikzlibrarymatrix.code.tex
File: tikzlibrarymatrix.code.tex 2023-01-15 v3.1.10 (3.1.10)
) (/usr/local/texlive/2025/texmf-dist/tex/generic/pgf/frontendlayer/tikz/libraries/tikzlibraryquotes.code.tex
File: tikzlibraryquotes.code.tex 2023-01-15 v3.1.10 (3.1.10)
) (/usr/local/texlive/2025/texmf-dist/tex/generic/pgf/libraries/pgflibraryarrows.meta.code.tex
File: pgflibraryarrows.meta.code.tex 2023-01-15 v3.1.10 (3.1.10)
\pgfarrowinset=\dimen269
\pgfarrowlength=\dimen270
\pgfarrowwidth=\dimen271
\pgfarrowlinewidth=\dimen272
))) (/usr/local/texlive/2025/texmf-dist/tex/latex/adjustbox/adjustbox.sty
Package: adjustbox 2025/02/26 v1.3c Adjusting TeX boxes (trim, clip, ...)
 (/usr/local/texlive/2025/texmf-dist/tex/latex/xkeyval/xkeyval.sty
Package: xkeyval 2022/06/16 v2.9 package option processing (HA)
 (/usr/local/texlive/2025/texmf-dist/tex/generic/xkeyval/xkeyval.tex (/usr/local/texlive/2025/texmf-dist/tex/generic/xkeyval/xkvutils.tex
\XKV@toks=\toks43
\XKV@tempa@toks=\toks44
)
\XKV@depth=\count311
File: xkeyval.tex 2014/12/03 v2.7a key=value parser (HA)
)) (/usr/local/texlive/2025/texmf-dist/tex/latex/adjustbox/adjcalc.sty
Package: adjcalc 2012/05/16 v1.1 Provides advanced setlength with multiple back-ends (calc, etex, pgfmath)
) (/usr/local/texlive/2025/texmf-dist/tex/latex/adjustbox/trimclip.sty
Package: trimclip 2025/02/21 v1.2a Trim and clip general TeX material
 (/usr/local/texlive/2025/texmf-dist/tex/latex/collectbox/collectbox.sty
Package: collectbox 2022/10/17 v0.4c Collect macro arguments as boxes
\collectedbox=\box67
)
\tc@llx=\dimen273
\tc@lly=\dimen274
\tc@urx=\dimen275
\tc@ury=\dimen276
Package trimclip Info: Using driver 'tc-pdftex.def'.
 (/usr/local/texlive/2025/texmf-dist/tex/latex/adjustbox/tc-pdftex.def
File: tc-pdftex.def 2025/02/26 v2.3 Clipping driver for pdftex
))
\adjbox@Width=\dimen277
\adjbox@Height=\dimen278
\adjbox@Depth=\dimen279
\adjbox@Totalheight=\dimen280
\adjbox@pwidth=\dimen281
\adjbox@pheight=\dimen282
\adjbox@pdepth=\dimen283
\adjbox@ptotalheight=\dimen284
 (/usr/local/texlive/2025/texmf-dist/tex/latex/ifoddpage/ifoddpage.sty
Package: ifoddpage 2022/10/18 v1.2 Conditionals for odd/even page detection
\c@checkoddpage=\count312
) (/usr/local/texlive/2025/texmf-dist/tex/latex/varwidth/varwidth.sty
Package: varwidth 2009/03/30 ver 0.92;  Variable-width minipages
\@vwid@box=\box68
\sift@deathcycles=\count313
\@vwid@loff=\dimen285
\@vwid@roff=\dimen286
)) (/usr/local/texlive/2025/texmf-dist/tex/generic/pgf/frontendlayer/tikz/libraries/tikzlibraryarrows.code.tex
File: tikzlibraryarrows.code.tex 2023-01-15 v3.1.10 (3.1.10)
 (/usr/local/texlive/2025/texmf-dist/tex/generic/pgf/libraries/pgflibraryarrows.code.tex
File: pgflibraryarrows.code.tex 2023-01-15 v3.1.10 (3.1.10)
\arrowsize=\dimen287
))
\c@theorem=\count314
\c@proposition=\count315
\c@definition=\count316
\c@lemma=\count317
\c@notation=\count318
\c@remark=\count319
\c@corollary=\count320
\c@terminology=\count321
\c@fact=\count322
\c@example=\count323
\c@claim=\count324
 (./F4D1.aux)
\openout1 = `F4D1.aux'.

LaTeX Font Info:    Checking defaults for OML/cmm/m/it on input line 114.
LaTeX Font Info:    ... okay on input line 114.
LaTeX Font Info:    Checking defaults for OMS/cmsy/m/n on input line 114.
LaTeX Font Info:    ... okay on input line 114.
LaTeX Font Info:    Checking defaults for OT1/cmr/m/n on input line 114.
LaTeX Font Info:    ... okay on input line 114.
LaTeX Font Info:    Checking defaults for T1/cmr/m/n on input line 114.
LaTeX Font Info:    ... okay on input line 114.
LaTeX Font Info:    Checking defaults for TS1/cmr/m/n on input line 114.
LaTeX Font Info:    ... okay on input line 114.
LaTeX Font Info:    Checking defaults for OMX/cmex/m/n on input line 114.
LaTeX Font Info:    ... okay on input line 114.
LaTeX Font Info:    Checking defaults for U/cmr/m/n on input line 114.
LaTeX Font Info:    ... okay on input line 114.
 (/usr/local/texlive/2025/texmf-dist/tex/context/base/mkii/supp-pdf.mkii
[Loading MPS to PDF converter (version 2006.09.02).]
\scratchcounter=\count325
\scratchdimen=\dimen288
\scratchbox=\box69
\nofMPsegments=\count326
\nofMParguments=\count327
\everyMPshowfont=\toks45
\MPscratchCnt=\count328
\MPscratchDim=\dimen289
\MPnumerator=\count329
\makeMPintoPDFobject=\count330
\everyMPtoPDFconversion=\toks46
) (/usr/local/texlive/2025/texmf-dist/tex/latex/epstopdf-pkg/epstopdf-base.sty
Package: epstopdf-base 2020-01-24 v2.11 Base part for package epstopdf
Package epstopdf-base Info: Redefining graphics rule for `.eps' on input line 485.
 (/usr/local/texlive/2025/texmf-dist/tex/latex/latexconfig/epstopdf-sys.cfg
File: epstopdf-sys.cfg 2010/07/13 v1.3 Configuration of (r)epstopdf for TeX Live
))
LaTeX Font Info:    Trying to load font information for U+msa on input line 115.
 (/usr/local/texlive/2025/texmf-dist/tex/latex/amsfonts/umsa.fd
File: umsa.fd 2013/01/14 v3.01 AMS symbols A
)
LaTeX Font Info:    Trying to load font information for U+msb on input line 115.
 (/usr/local/texlive/2025/texmf-dist/tex/latex/amsfonts/umsb.fd
File: umsb.fd 2013/01/14 v3.01 AMS symbols B
)
LaTeX Font Info:    Trying to load font information for U+rsfs on input line 115.
 (/usr/local/texlive/2025/texmf-dist/tex/latex/jknapltx/ursfs.fd
File: ursfs.fd 1998/03/24 rsfs font definition file (jk)
)

[1

{/usr/local/texlive/2025/texmf-var/fonts/map/pdftex/updmap/pdftex.map}]
Overfull \hbox (4.10284pt too wide) in paragraph at lines 158--159
[]\OT1/cmr/bx/n/10 Definition 2.1. []\OT1/cmr/m/it/10 Let $\OML/cmm/m/it/10 X$ \OT1/cmr/m/it/10 be a topo-log-i-cal space. $\OML/cmm/m/it/10 X$ \OT1/cmr/m/it/10 is said to be sep-a-rated/Hausdorff
 []



[2]

[3]

[4]

[5]

[6]

[7]

[8]

[9]

[10]

[11]

[12]

[13]

[14]
Overfull \hbox (8.49144pt too wide) detected at line 866
\OML/cmm/m/it/10 ^^U[]\OT1/cmr/m/n/10 (\OML/cmm/m/it/10 f\OT1/cmr/m/n/10 (\OML/cmm/m/it/10 C[] \OMS/cmsy/m/n/10 \ \OML/cmm/m/it/10 W\OT1/cmr/m/n/10 )) \OMS/cmsy/m/n/10 ^^T \OML/cmm/m/it/10 r[]^^U\OT1/cmr/m/n/10 ([] \OML/cmm/m/it/10 f\OT1/cmr/m/n/10 (\OML/cmm/m/it/10 C[] \OMS/cmsy/m/n/10 \ \OML/cmm/m/it/10 W[]\OT1/cmr/m/n/10 )) \OMS/cmsy/m/n/10 ^^T \OML/cmm/m/it/10 r[] [][] \OT1/cmr/m/n/10 = \OML/cmm/m/it/10 K \OMS/cmsy/m/n/10 ^^A \OML/cmm/m/it/10 r[]:
 []



[15]

[16]
Underfull \hbox (badness 10000) in paragraph at lines 973--974

 []



[17]

[18]
Overfull \hbox (80.58345pt too wide) detected at line 1069
[]
 []



[19]

[20]

[21]
Underfull \hbox (badness 10000) in paragraph at lines 1222--1224

 []



[22]
Underfull \hbox (badness 10000) in paragraph at lines 1244--1245

 []


Underfull \hbox (badness 10000) in paragraph at lines 1253--1257

 []



[23]
LaTeX Font Info:    Trying to load font information for U+euf on input line 1350.
 (/usr/local/texlive/2025/texmf-dist/tex/latex/amsfonts/ueuf.fd
File: ueuf.fd 2013/01/14 v3.01 Euler Fraktur
)

[24]
Overfull \hbox (121.72151pt too wide) detected at line 1373
[]
 []



[25]

[26]
Underfull \hbox (badness 10000) in paragraph at lines 1472--1473

 []


Underfull \hbox (badness 10000) in paragraph at lines 1480--1482

 []


Underfull \hbox (badness 10000) in paragraph at lines 1500--1502

 []


Underfull \hbox (badness 10000) in paragraph at lines 1519--1521

 []



[27]
Underfull \hbox (badness 10000) in paragraph at lines 1544--1546

 []



[28]
Underfull \hbox (badness 10000) in paragraph at lines 1568--1570

 []



[29]

[30]
Overfull \hbox (40.36815pt too wide) in paragraph at lines 1722--1723
[]\OT1/cmr/bx/n/10 Definition 3.19. []\OT1/cmr/m/it/10 Let $\OML/cmm/m/it/10 E [] \OMS/cmsy/m/n/10 M\OML/cmm/m/it/10 ; F [] \OMS/cmsy/m/n/10 M$ \OT1/cmr/m/it/10 be vec-tor bun-dles with co-cy-cle $\OT1/cmr/m/n/10 (\OML/cmm/m/it/10 g[]\OT1/cmr/m/n/10 )[]\OML/cmm/m/it/10 ; \OT1/cmr/m/n/10 (\OML/cmm/m/it/10 h[]\OT1/cmr/m/n/10 )[]$
 []



[31]
Overfull \hbox (40.36815pt too wide) in paragraph at lines 1730--1731
[]\OT1/cmr/bx/n/10 Definition 3.20. []\OT1/cmr/m/it/10 Let $\OML/cmm/m/it/10 E [] \OMS/cmsy/m/n/10 M\OML/cmm/m/it/10 ; F [] \OMS/cmsy/m/n/10 M$ \OT1/cmr/m/it/10 be vec-tor bun-dles with co-cy-cle $\OT1/cmr/m/n/10 (\OML/cmm/m/it/10 g[]\OT1/cmr/m/n/10 )[]\OML/cmm/m/it/10 ; \OT1/cmr/m/n/10 (\OML/cmm/m/it/10 h[]\OT1/cmr/m/n/10 )[]$
 []


Overfull \hbox (1.52359pt too wide) detected at line 1769
\OMS/cmsy/m/n/10 f[]g $ f\OT1/cmr/m/n/10 (\OML/cmm/m/it/10 f[]\OT1/cmr/m/n/10 )[] \OMS/cmsy/m/n/10 j 8\OML/cmm/m/it/10  \OMS/cmsy/m/n/10 2 \OML/cmm/m/it/10 I; f[] \OMS/cmsy/m/n/10 2 C[]\OT1/cmr/m/n/10 (\OML/cmm/m/it/10 U[]; \U/msb/m/n/10 R[]\OT1/cmr/m/n/10 )\OML/cmm/m/it/10 ; f[]\OT1/cmr/m/n/10 (\OML/cmm/m/it/10 x\OT1/cmr/m/n/10 ) = \OML/cmm/m/it/10 g[]\OT1/cmr/m/n/10 (\OML/cmm/m/it/10 x\OT1/cmr/m/n/10 )\OML/cmm/m/it/10 f[]\OT1/cmr/m/n/10 (\OML/cmm/m/it/10 x\OT1/cmr/m/n/10 )\OMS/cmsy/m/n/10 g\OML/cmm/m/it/10 :
 []



[32]
Underfull \hbox (badness 10000) in paragraph at lines 1802--1804

 []


Underfull \hbox (badness 10000) in paragraph at lines 1811--1813

 []



[33]

[34]
Underfull \hbox (badness 10000) in paragraph at lines 1942--1943

 []



[35]

[36]

[37]

Package amsmath Warning: Foreign command \atopwithdelims;
(amsmath)                \frac or \genfrac should be used instead
(amsmath)                 on input line 2091.


Underfull \hbox (badness 10000) in paragraph at lines 2113--2115

 []



[38]
Overfull \hbox (75.37903pt too wide) detected at line 2155
[]
 []



[39]
Overfull \hbox (14.15628pt too wide) in paragraph at lines 2188--2188
[]\OT1/cmr/bx/n/14.4 Orientations, vol-umes and the Hodge $\OMS/cmsy/m/n/14.4 ^^C$\OT1/cmr/bx/n/14.4 -operator 
 []



[40]

[41]

[42]
Overfull \hbox (30.00484pt too wide) detected at line 2410
\OMS/cmsy/m/n/10 ^^C\OML/cmm/m/it/10 e[] \OMS/cmsy/m/n/10 ^ [] ^ \OML/cmm/m/it/10 e[] \OT1/cmr/m/n/10 = (\OMS/cmsy/m/n/10 ^^@\OT1/cmr/m/n/10 1)[] [] \OML/cmm/m/it/10 g\OT1/cmr/m/n/10 (\OML/cmm/m/it/10 e[]; e[]\OT1/cmr/m/n/10 )\OML/cmm/m/it/10 e[] \OMS/cmsy/m/n/10 ^ [] ^ \OML/cmm/m/it/10 e[] \OMS/cmsy/m/n/10 
 \OML/cmm/m/it/10 e[] \OMS/cmsy/m/n/10 ^ [] ^ \OML/cmm/m/it/10 e[]= [][] :
 []



[43]

[44]
Overfull \hbox (0.18745pt too wide) in paragraph at lines 2495--2497
[]\OT1/cmr/bx/n/10 Remark 5.6. []\OT1/cmr/m/it/10 Given a man-i-fold $\OMS/cmsy/m/n/10 M$\OT1/cmr/m/it/10 , we have a vec-tor-bun-dle $\OML/cmm/m/it/10 T\OMS/cmsy/m/n/10 M [] M\OML/cmm/m/it/10 ; T[]\OMS/cmsy/m/n/10 M 7!
 []



[45]

[46]

[47]
Overfull \hbox (85.16478pt too wide) detected at line 2656
[]
 []



[48]
Underfull \hbox (badness 10000) in paragraph at lines 2677--2679

 []


Overfull \hbox (21.39902pt too wide) detected at line 2688
[]
 []


Overfull \hbox (90.75081pt too wide) detected at line 2696
[]
 []



[49]
Overfull \hbox (1.13658pt too wide) detected at line 2723
[]
 []



[50]

[51]

[52]
Overfull \hbox (16.04054pt too wide) detected at line 2875
[]
 []



[53]

[54]

[55]

[56]
Overfull \hbox (30.02634pt too wide) in paragraph at lines 3034--3035
[]\OT1/cmr/bx/n/10 Remark 5.10. []\OT1/cmr/m/it/10 Fix an ori-en-ta-tion re-vers-ing dif-feo-mor-phism of $\U/msb/m/n/10 R[]$ \OT1/cmr/m/it/10 say $\OT1/cmr/m/n/10 ^^H(\OML/cmm/m/it/10 x[]; []  ; x[]\OT1/cmr/m/n/10 ) =
 []



[57]

[58]

[59]

[60]
Overfull \hbox (22.35223pt too wide) detected at line 3250
[][] \OML/cmm/m/it/10 d! \OT1/cmr/m/n/10 = [][] [] \OML/cmm/m/it/10 dx[] [] dx[] \OT1/cmr/m/n/10 = [][] \OMS/cmsy/m/n/10 ^^@\OML/cmm/m/it/10 f[]\OT1/cmr/m/n/10 (0\OML/cmm/m/it/10 ; x[]; []  ; x[]\OT1/cmr/m/n/10 )\OML/cmm/m/it/10 dx[] [] dx[]:
 []



[61]

[62]

[63]

[64]

[65]
Overfull \hbox (17.92905pt too wide) detected at line 3515
\OML/cmm/m/it/10 i[]! \OT1/cmr/m/n/10 = \OML/cmm/m/it/10 i[]dx[] \OMS/cmsy/m/n/10 ^ [] ^ \OML/cmm/m/it/10 dx[] \OT1/cmr/m/n/10 = [](\OMS/cmsy/m/n/10 ^^@\OT1/cmr/m/n/10 1)[]\OML/cmm/m/it/10 dx[] \OMS/cmsy/m/n/10 ^ [] ^ \OML/cmm/m/it/10 dx[]i[]\OT1/cmr/m/n/10 (\OML/cmm/m/it/10 dx[]\OT1/cmr/m/n/10 ) \OMS/cmsy/m/n/10 ^ \OML/cmm/m/it/10 dx[] \OMS/cmsy/m/n/10 ^ [] ^ \OML/cmm/m/it/10 dx[]:
 []



[66]

[67]
Overfull \hbox (13.5055pt too wide) detected at line 3617
[][] \OML/cmm/m/it/10 h[]! \OMS/cmsy/m/n/10 ^^@ [][] \OML/cmm/m/it/10 h[]! \OT1/cmr/m/n/10 = [][] \OML/cmm/m/it/10 h[]! \OT1/cmr/m/n/10 =  \OML/cmm/m/it/10 int[]d\OT1/cmr/m/n/10 (\OML/cmm/m/it/10 h[]!\OT1/cmr/m/n/10 ) = [][] \OML/cmm/m/it/10 h[]\OT1/cmr/m/n/10 (\OML/cmm/m/it/10 d!\OT1/cmr/m/n/10 ) = 0\OML/cmm/m/it/10 :
 []



[68]

[69]

[70]

[71]

[72]

[73]

[74]

[75]

[76]

[77]

[78]
Overfull \hbox (18.87364pt too wide) in paragraph at lines 4226--4226
[]\OT1/cmr/bx/n/12 Compactly sup-ported deR-ham Co-ho-mol-ogy and Poincar^^Se
 []



[79]

[80]

[81]
Overfull \hbox (15.0pt too wide) in paragraph at lines 4424--4426
[][]
 []



[82]

[83]

[84]
Overfull \hbox (10.72911pt too wide) in paragraph at lines 4562--4563
\OT1/cmr/m/n/10 Then $\OML/cmm/m/it/10 !\OMS/cmsy/m/n/10 j[]$ \OT1/cmr/m/n/10 is also ex-act and by Equa-tion [], there ex-ists $\OML/cmm/m/it/10 ^^\ \OMS/cmsy/m/n/10 2 \OT1/cmr/m/n/10 
[]((\OMS/cmsy/m/n/10 ^^@\OML/cmm/m/it/10 "; \OT1/cmr/m/n/10 0] \OMS/cmsy/m/n/10 ^^B
 []


Overfull \hbox (23.24019pt too wide) in paragraph at lines 4565--4567
$\OML/cmm/m/it/10 ^^Q[]$ \OT1/cmr/m/n/10 is closed on $[] \OMS/cmsy/m/n/10 ^^B \OML/cmm/m/it/10 @\OMS/cmsy/m/n/10 M$ \OT1/cmr/m/n/10 and by the sur-jec-tiv-ity, we find $\OML/cmm/m/it/10 ^^X \OMS/cmsy/m/n/10 2 \OT1/cmr/m/n/10 
[] []$
 []


Overfull \hbox (20.3342pt too wide) detected at line 4580
[]
 []


Overfull \hbox (19.58035pt too wide) in paragraph at lines 4584--4587
\OT1/cmr/m/n/10 is an iso-mor-phism and hence the long ex-act cochain se-quence shows that $\OML/cmm/m/it/10 H[]\OT1/cmr/m/n/10 ((\OMS/cmsy/m/n/10 ^^@\OML/cmm/m/it/10 "; \OT1/cmr/m/n/10 0) \OMS/cmsy/m/n/10 ^^B
 []



[85]

[86]

[87]
Overfull \hbox (50.72311pt too wide) in paragraph at lines 4709--4710
 [] 
 []


Overfull \hbox (18.14603pt too wide) in paragraph at lines 4729--4732
\OT1/cmr/m/n/10 Similarly, one ar-gues for $\OML/cmm/m/it/10 ! \OT1/cmr/m/n/10 = \OML/cmm/m/it/10 d^^X$\OT1/cmr/m/n/10 . Now given $[\OML/cmm/m/it/10 !\OT1/cmr/m/n/10 ] \OMS/cmsy/m/n/10 2 \OML/cmm/m/it/10 H[]\OT1/cmr/m/n/10 (\OMS/cmsy/m/n/10 M\OT1/cmr/m/n/10 )\OML/cmm/m/it/10 ; \OT1/cmr/m/n/10 [(\OML/cmm/m/it/10 ^^\; ^^Q\OT1/cmr/m/n/10 )] \OMS/cmsy/m/n/10 2 \OML/cmm/m/it/10 H[]\OT1/cmr/m/n/10 (\OMS/cmsy/m/n/10 M\OML/cmm/m/it/10 ; @\OMS/cmsy/m/n/10 M\OT1/cmr/m/n/10 )$,
 []


Overfull \hbox (24.2238pt too wide) in paragraph at lines 4729--4732
\OT1/cmr/m/n/10 there is a rep-re-sen-ta-tive of $[(\OML/cmm/m/it/10 ^^\; ^^Q\OT1/cmr/m/n/10 )]$ of the form $[(\OML/cmm/m/it/10 ^^_; \OT1/cmr/m/n/10 0)]$ with $\OML/cmm/m/it/10 ^^_ \OMS/cmsy/m/n/10 2 \OT1/cmr/m/n/10 
[](\OMS/cmsy/m/n/10 Mn\OML/cmm/m/it/10 @\OMS/cmsy/m/n/10 M\OT1/cmr/m/n/10 )\OML/cmm/m/it/10 ; d^^_ \OT1/cmr/m/n/10 =
 []



[88]
Overfull \hbox (20.67656pt too wide) detected at line 4744
\OML/cmm/m/it/10 ^^_\OT1/cmr/m/n/10 (\OMS/cmsy/m/n/10 M\OT1/cmr/m/n/10 ) = [](\OMS/cmsy/m/n/10 ^^@\OT1/cmr/m/n/10 1)[] [] \OML/cmm/m/it/10 H[]\OT1/cmr/m/n/10 (\OMS/cmsy/m/n/10 M\OT1/cmr/m/n/10 ) = [](\OMS/cmsy/m/n/10 ^^@\OT1/cmr/m/n/10 1)[] [] \OML/cmm/m/it/10 H[]\OT1/cmr/m/n/10 (\OMS/cmsy/m/n/10 M\OML/cmm/m/it/10 ; @\OMS/cmsy/m/n/10 M\OT1/cmr/m/n/10 ) = (\OMS/cmsy/m/n/10 ^^@\OT1/cmr/m/n/10 1)[]\OML/cmm/m/it/10 ^^_\OT1/cmr/m/n/10 (\OMS/cmsy/m/n/10 M\OML/cmm/m/it/10 ; @\OMS/cmsy/m/n/10 M\OT1/cmr/m/n/10 )\OML/cmm/m/it/10 :
 []



[89]

[90]

[91]
Overfull \hbox (18.40533pt too wide) detected at line 4880
[][] []\OT1/cmr/m/n/10 (^^A) = [](\OMS/cmsy/m/n/10 ^^@\OT1/cmr/m/n/10 1)[] [] = [](\OMS/cmsy/m/n/10 ^^@\OT1/cmr/m/n/10 1)[] = [](\OMS/cmsy/m/n/10 ^^@\OT1/cmr/m/n/10 1)[] [] \OML/cmm/m/it/10 H[]\OT1/cmr/m/n/10 (\OMS/cmsy/m/n/10 M\OT1/cmr/m/n/10 ) = \OML/cmm/m/it/10 ^^_\OT1/cmr/m/n/10 (\OMS/cmsy/m/n/10 M\OT1/cmr/m/n/10 )\OML/cmm/m/it/10 :
 []



[92] (./F4D1.aux)
 ***********
LaTeX2e <2024-11-01> patch level 2
L3 programming layer <2025-01-18>
 ***********
 ) 
Here is how much of TeX's memory you used:
 20017 strings out of 473190
 428037 string characters out of 5715799
 893651 words of memory out of 5000000
 42942 multiletter control sequences out of 15000+600000
 571797 words of font info for 89 fonts, out of 8000000 for 9000
 1141 hyphenation exceptions out of 8191
 116i,22n,121p,534b,1167s stack positions out of 10000i,1000n,20000p,200000b,200000s
</usr/local/texlive/2025/texmf-dist/fonts/type1/public/amsfonts/cm/cmbx10.pfb></usr/local/texlive/2025/texmf-dist/fonts/type1/public/amsfonts/cm/cmbx12.pfb></usr/local/texlive/2025/texmf-dist/fonts/type1/public/amsfonts/cm/cmex10.pfb></usr/local/texlive/2025/texmf-dist/fonts/type1/public/amsfonts/cmextra/cmex7.pfb></usr/local/texlive/2025/texmf-dist/fonts/type1/public/amsfonts/cm/cmmi10.pfb></usr/local/texlive/2025/texmf-dist/fonts/type1/public/amsfonts/cm/cmmi5.pfb></usr/local/texlive/2025/texmf-dist/fonts/type1/public/amsfonts/cm/cmmi7.pfb></usr/local/texlive/2025/texmf-dist/fonts/type1/public/amsfonts/cm/cmr10.pfb></usr/local/texlive/2025/texmf-dist/fonts/type1/public/amsfonts/cm/cmr12.pfb></usr/local/texlive/2025/texmf-dist/fonts/type1/public/amsfonts/cm/cmr17.pfb></usr/local/texlive/2025/texmf-dist/fonts/type1/public/amsfonts/cm/cmr5.pfb></usr/local/texlive/2025/texmf-dist/fonts/type1/public/amsfonts/cm/cmr7.pfb></usr/local/texlive/2025/texmf-dist/fonts/type1/public/amsfonts/cm/cmsy10.pfb></usr/local/texlive/2025/texmf-dist/fonts/type1/public/amsfonts/cm/cmsy5.pfb></usr/local/texlive/2025/texmf-dist/fonts/type1/public/amsfonts/cm/cmsy7.pfb></usr/local/texlive/2025/texmf-dist/fonts/type1/public/amsfonts/cm/cmti10.pfb></usr/local/texlive/2025/texmf-dist/fonts/type1/public/amsfonts/cm/cmti7.pfb></usr/local/texlive/2025/texmf-dist/fonts/type1/public/amsfonts/euler/eufm10.pfb></usr/local/texlive/2025/texmf-dist/fonts/type1/public/amsfonts/symbols/msam10.pfb></usr/local/texlive/2025/texmf-dist/fonts/type1/public/amsfonts/symbols/msam7.pfb></usr/local/texlive/2025/texmf-dist/fonts/type1/public/amsfonts/symbols/msbm10.pfb></usr/local/texlive/2025/texmf-dist/fonts/type1/public/amsfonts/symbols/msbm7.pfb></usr/local/texlive/2025/texmf-dist/fonts/type1/public/rsfs/rsfs10.pfb>
Output written on F4D1.pdf (92 pages, 577454 bytes).
PDF statistics:
 420 PDF objects out of 1000 (max. 8388607)
 277 compressed objects within 3 object streams
 0 named destinations out of 1000 (max. 500000)
 13 words of extra memory for PDF output out of 10000 (max. 10000000)

